<?xml version="1.0" encoding="utf-8"?><testsuites name="pytest tests"><testsuite name="pytest" errors="0" failures="2" skipped="9" tests="233" time="191.658" timestamp="2025-09-09T18:04:54.931723+10:00" hostname="SANDPOINT-BM"><testcase classname="integration_tests.test_arb_crs" name="test_crs_infer_has_match_floor" time="0.001" /><testcase classname="integration_tests.test_model" name="test_footprint_antimeridian" time="1.096" /><testcase classname="integration_tests.test_arb_crs" name="test_crs_infer_pass" time="0.005" /><testcase classname="integration_tests.test_dataset_listing" name="test_default_args[default]" time="0.000"><skipped type="pytest.skip" message="Should be updated to do a flask request. Default params are there.">/Users/aye011/dev/odc/datacube-explorer/integration_tests/test_dataset_listing.py:49: Should be updated to do a flask request. Default params are there.</skipped></testcase><testcase classname="integration_tests.test_arb_crs" name="test_crs_infers_itself" time="0.001" /><testcase classname="integration_tests.test_model" name="test_footprint_normal" time="0.617" /><testcase classname="integration_tests.test_model" name="test_computed_properties" time="0.000" /><testcase classname="integration_tests.test_dataset_listing" name="test_parse_query_args[postgis]" time="7.038" /><testcase classname="integration_tests.test_dataset_listing" name="test_default_args[postgis]" time="0.126"><skipped type="pytest.skip" message="Should be updated to do a flask request. Default params are there.">/Users/aye011/dev/odc/datacube-explorer/integration_tests/test_dataset_listing.py:49: Should be updated to do a flask request. Default params are there.</skipped></testcase><testcase classname="integration_tests.test_archival_handling" name="test_pre_archival_dataset_count[default]" time="7.399" /><testcase classname="integration_tests.test_eo3_support" name="test_eo3_extents[default]" time="7.340" /><testcase classname="integration_tests.test_eo3_support" name="test_eo3_dateless_extents[default]" time="0.007" /><testcase classname="integration_tests.test_eo3_support" name="test_location_sampling[default]" time="0.005" /><testcase classname="integration_tests.test_eo3_support" name="test_undo_eo3_compatibility_del_handling[default]" time="7.382" /><testcase classname="integration_tests.test_eo3_support" name="test_eo3_dateless_extents[postgis]" time="7.442" /><testcase classname="integration_tests.test_eo3_support" name="test_location_sampling[postgis]" time="0.004" /><testcase classname="integration_tests.test_archival_handling" name="test_pre_archival_dataset_count[postgis]" time="7.839" /><testcase classname="integration_tests.test_center_datetime_logic" name="test_summary_center_datetime[default]" time="7.953" /><testcase classname="integration_tests.test_configurable_page_elements" name="test_hide_products_product_page_display[postgis]" time="7.907" /><testcase classname="integration_tests.test_archival_handling" name="test_post_archival_dataset_count[default]" time="1.174" /><testcase classname="integration_tests.test_eo3_support" name="test_eo3_doc_download[default]" time="0.852" /><testcase classname="integration_tests.test_eo3_support" name="test_undo_eo3_doc_compatibility[default]" time="0.186"><skipped type="pytest.xfail" message="mismatching date format - to be fixed" /></testcase><testcase classname="integration_tests.test_eo3_support" name="test_eo3_doc_download[postgis]" time="0.879" /><testcase classname="integration_tests.test_eo3_support" name="test_undo_eo3_doc_compatibility[postgis]" time="0.006"><skipped type="pytest.xfail" message="mismatching date format - to be fixed" /></testcase><testcase classname="integration_tests.test_eo3_support" name="test_all_eo3_pages_render[default]" time="2.087" /><testcase classname="integration_tests.test_eo3_support" name="test_undo_eo3_compatibility_del_handling[postgis]" time="0.148" /><testcase classname="integration_tests.test_configurable_page_elements" name="test_sister_sites[default]" time="8.445" /><testcase classname="integration_tests.test_configurable_page_elements" name="test_instance_title[default]" time="8.532" /><testcase classname="integration_tests.test_archival_handling" name="test_post_archival_dataset_count[postgis]" time="1.214" /><testcase classname="integration_tests.test_page_loads" name="test_out_of_date_range[default]" time="0.000"><skipped type="pytest.skip" message="TODO: fix out-of-date range return value">/Users/aye011/dev/odc/datacube-explorer/integration_tests/test_page_loads.py:365: TODO: fix out-of-date range return value</skipped></testcase><testcase classname="integration_tests.test_eo3_support" name="test_all_eo3_pages_render[postgis]" time="9.648" /><testcase classname="integration_tests.test_configurable_page_elements" name="test_hide_products_menu_display[postgis]" time="0.848" /><testcase classname="integration_tests.test_configurable_page_elements" name="test_sister_sites_request_path[default]" time="0.885" /><testcase classname="integration_tests.test_configurable_page_elements" name="test_hide_products_audit_page_display[default]" time="0.809" /><testcase classname="integration_tests.test_configurable_page_elements" name="test_sister_sites[postgis]" time="0.930" /><testcase classname="integration_tests.test_center_datetime_logic" name="test_datestring_on_dataset_page[postgis]" time="2.212" /><testcase classname="integration_tests.test_configurable_page_elements" name="test_hide_products_audit_bulk_dataset_display[default]" time="0.825" /><testcase classname="integration_tests.test_dataset_maturity" name="test_product_fixed_metadata_by_sample_percentage[default]" time="3.140" /><testcase classname="integration_tests.test_eo3_support" name="test_can_search_eo3_items[default]" time="1.086" /><testcase classname="integration_tests.test_configurable_page_elements" name="test_sister_sites_request_path[postgis]" time="1.096" /><testcase classname="integration_tests.test_eo3_support" name="test_can_search_eo3_items[postgis]" time="1.181" /><testcase classname="integration_tests.test_center_datetime_logic" name="test_datestring_on_datasets_search_page[postgis]" time="0.715" /><testcase classname="integration_tests.test_center_datetime_logic" name="test_datestring_on_dataset_page[default]" time="1.976" /><testcase classname="integration_tests.test_configurable_page_elements" name="test_hide_products_product_page_display[default]" time="0.908" /><testcase classname="integration_tests.test_center_datetime_logic" name="test_datestring_on_regions_page[postgis]" time="0.587" /><testcase classname="integration_tests.test_eo3_support" name="test_eo3_stac_item[default]" time="0.962" /><testcase classname="integration_tests.test_center_datetime_logic" name="test_datestring_on_datasets_search_page[default]" time="0.680" /><testcase classname="integration_tests.test_eo3_support" name="test_eo3_stac_item[postgis]" time="1.046" /><testcase classname="integration_tests.test_configurable_page_elements" name="test_instance_title[postgis]" time="2.509" /><testcase classname="integration_tests.test_filter_geom" name="test_filter_geom" time="0.000" /><testcase classname="integration_tests.test_filter_geom" name="test_nested_exception" time="0.000"><skipped type="pytest.skip" message="Skipping because the newer Shapely is handling geometry better.">/Users/aye011/dev/odc/datacube-explorer/integration_tests/test_filter_geom.py:43: Skipping because the newer Shapely is handling geometry better.</skipped></testcase><testcase classname="integration_tests.test_configurable_page_elements" name="test_hide_products_menu_display[default]" time="1.065" /><testcase classname="integration_tests.test_center_datetime_logic" name="test_summary_center_datetime[postgis]" time="0.874" /><testcase classname="integration_tests.test_dataset_listing" name="test_parse_query_args[default]" time="1.658" /><testcase classname="integration_tests.test_center_datetime_logic" name="test_datestring_on_regions_page[default]" time="0.835" /><testcase classname="integration_tests.test_configurable_page_elements" name="test_hide_products_audit_page_display[postgis]" time="0.918" /><testcase classname="integration_tests.test_eo3_support" name="test_eo3_extents[postgis]" time="1.966" /><testcase classname="integration_tests.test_configurable_page_elements" name="test_hide_products_audit_bulk_dataset_display[postgis]" time="0.988" /><testcase classname="integration_tests.test_dataset_maturity" name="test_product_fixed_metadata_by_sample_percentage[postgis]" time="4.056" /><testcase classname="integration_tests.test_page_loads" name="test_uninitialised_overview[postgis]" time="5.531" /><testcase classname="integration_tests.test_page_loads" name="test_view_metadata_type[postgis]" time="7.219" /><testcase classname="integration_tests.test_page_loads" name="test_empty_product_overview[postgis]" time="3.056" /><testcase classname="integration_tests.test_page_loads" name="test_prometheus[postgis]" time="7.746"><skipped type="pytest.xfail" message="" /></testcase><testcase classname="integration_tests.test_page_loads" name="test_api_returns_tiles_as_geojson[postgis]" time="7.909" /><testcase classname="integration_tests.test_page_loads" name="test_storage_page[postgis]" time="3.227" /><testcase classname="integration_tests.test_page_loads" name="test_empty_product_page[postgis]" time="3.651" /><testcase classname="integration_tests.test_page_loads" name="test_default_redirect[postgis]" time="3.421" /><testcase classname="integration_tests.test_page_loads" name="test_api_returns_scene_regions[postgis]" time="3.309" /><testcase classname="integration_tests.test_page_loads" name="test_product_audit_redirects[postgis]" time="3.299" /><testcase classname="integration_tests.test_page_loads" name="test_out_of_date_range[postgis]" time="0.000"><skipped type="pytest.skip" message="TODO: fix out-of-date range return value">/Users/aye011/dev/odc/datacube-explorer/integration_tests/test_page_loads.py:365: TODO: fix out-of-date range return value</skipped></testcase><testcase classname="integration_tests.test_page_loads" name="test_prometheus[default]" time="24.757"><skipped type="pytest.xfail" message="" /></testcase><testcase classname="integration_tests.test_page_loads" name="test_view_dataset[postgis]" time="3.285" /><testcase classname="integration_tests.test_page_loads" name="test_get_overview[postgis]" time="3.438" /><testcase classname="integration_tests.test_page_loads" name="test_region_page[postgis]" time="3.341" /><testcase classname="integration_tests.test_page_loads" name="test_api_returns_scenes_as_geojson[postgis]" time="3.241" /><testcase classname="integration_tests.test_page_loads" name="test_loading_high_low_tide_comp[default]" time="20.963" /><testcase classname="integration_tests.test_page_loads" name="test_get_overview[default]" time="21.157" /><testcase classname="integration_tests.test_page_loads" name="test_view_dataset[default]" time="21.360" /><testcase classname="integration_tests.test_page_loads" name="test_view_product[postgis]" time="3.334" /><testcase classname="integration_tests.test_page_loads" name="test_get_overview_product_links[postgis]" time="3.279" /><testcase classname="integration_tests.test_page_loads" name="test_legacy_region_redirect[postgis]" time="3.031" /><testcase classname="integration_tests.test_page_loads" name="test_search_time_completion[postgis]" time="3.245" /><testcase classname="integration_tests.test_page_loads" name="test_invalid_product_returns_not_found[default]" time="22.399" /><testcase classname="integration_tests.test_page_loads" name="test_get_day_overviews[postgis]" time="3.179" /><testcase classname="integration_tests.test_page_loads" name="test_general_dataset_redirect[postgis]" time="3.051" /><testcase classname="integration_tests.test_page_loads" name="test_search_page[postgis]" time="3.607" /><testcase classname="integration_tests.test_page_loads" name="test_plain_product_list[default]" time="22.446" /><testcase classname="integration_tests.test_page_loads" name="test_default_redirect[default]" time="8.317" /><testcase classname="integration_tests.test_page_loads" name="test_api_returns_limited_tile_regions[default]" time="22.597" /><testcase classname="integration_tests.test_page_loads" name="test_api_returns_tiles_regions[postgis]" time="3.136" /><testcase classname="integration_tests.test_page_loads" name="test_api_returns_high_tide_comp_datasets[default]" time="8.075" /><testcase classname="integration_tests.test_page_loads" name="test_invalid_footprint_wofs_summary_load[default]" time="7.824" /><testcase classname="integration_tests.test_page_loads" name="test_view_product[default]" time="7.866" /><testcase classname="integration_tests.test_page_loads" name="test_missing_dataset[postgis]" time="3.141" /><testcase classname="integration_tests.test_page_loads" name="test_get_robots[postgis]" time="3.041" /><testcase classname="integration_tests.test_page_loads" name="test_api_returns_scene_regions[default]" time="23.424" /><testcase classname="integration_tests.test_page_loads" name="test_show_summary_cli_missing_product[postgis]" time="3.053" /><testcase classname="integration_tests.test_page_loads" name="test_api_returns_limited_tile_regions[postgis]" time="2.844" /><testcase classname="integration_tests.test_page_loads" name="test_show_summary_cli_unsummarised_product[postgis]" time="0.487" /><testcase classname="integration_tests.test_page_loads" name="test_all_give_404s[postgis]" time="2.910" /><testcase classname="integration_tests.test_page_loads" name="test_api_returns_timelines[postgis]" time="3.245" /><testcase classname="integration_tests.test_page_loads" name="test_extent_debugging_method[postgis]" time="3.028" /><testcase classname="integration_tests.test_page_loads" name="test_invalid_product_returns_not_found[postgis]" time="4.009" /><testcase classname="integration_tests.test_page_loads" name="test_show_summary_cli[default]" time="7.287" /><testcase classname="integration_tests.test_page_loads" name="test_raw_documents[default]" time="7.367" /><testcase classname="integration_tests.test_page_loads" name="test_summary_product[default]" time="7.722" /><testcase classname="integration_tests.test_page_loads" name="test_api_returns_timelines[default]" time="7.532" /><testcase classname="integration_tests.test_page_loads" name="test_invalid_query_gives_400[postgis]" time="3.670" /><testcase classname="integration_tests.test_page_loads" name="test_plain_product_list[postgis]" time="3.276" /><testcase classname="integration_tests.test_page_loads" name="test_show_summary_cli_out_of_bounds[postgis]" time="3.580" /><testcase classname="integration_tests.test_pages_render" name="test_allows_null_product_fixed_fields[default]" time="4.352" /><testcase classname="integration_tests.test_regex_group" name="test_reverse_group_by_regex" time="0.001" /><testcase classname="integration_tests.test_page_loads" name="test_region_page[default]" time="7.719" /><testcase classname="integration_tests.test_page_loads" name="test_view_metadata_type[default]" time="7.811" /><testcase classname="integration_tests.test_page_loads" name="test_uninitialised_overview[default]" time="3.168" /><testcase classname="integration_tests.test_page_loads" name="test_all_products_are_shown[default]" time="8.644" /><testcase classname="integration_tests.test_page_loads" name="test_uninitialised_product[default]" time="0.724" /><testcase classname="integration_tests.test_page_loads" name="test_api_returns_scenes_as_geojson[default]" time="8.939" /><testcase classname="integration_tests.test_pages_render" name="test_all_pages_render[default]" time="3.649" /><testcase classname="integration_tests.test_raw_yaml" name="test_update_product[default]" time="4.356" /><testcase classname="integration_tests.test_pages_render" name="test_all_pages_render[postgis]" time="3.912" /><testcase classname="integration_tests.test_page_loads" name="test_show_summary_cli_out_of_bounds[default]" time="7.516" /><testcase classname="integration_tests.test_page_loads" name="test_get_robots[default]" time="7.425" /><testcase classname="integration_tests.test_page_loads" name="test_undisplayable_product[default]" time="7.374" /><testcase classname="integration_tests.test_raw_yaml" name="test_update_dataset[default]" time="2.583" /><testcase classname="integration_tests.test_pages_render" name="test_allows_null_product_fixed_fields[postgis]" time="1.813" /><testcase classname="integration_tests.test_regex_group" name="test_group_by_regex" time="0.001" /><testcase classname="integration_tests.test_page_loads" name="test_legacy_region_redirect[default]" time="7.675" /><testcase classname="integration_tests.test_page_loads" name="test_storage_page[default]" time="8.075" /><testcase classname="integration_tests.test_page_loads" name="test_get_overview_product_links[default]" time="7.927" /><testcase classname="integration_tests.test_region_tiles" name="test_wo_summary_product[default]" time="8.786" /><testcase classname="integration_tests.test_page_loads" name="test_empty_product_overview[default]" time="7.687" /><testcase classname="integration_tests.test_page_loads" name="test_api_returns_tiles_as_geojson[default]" time="7.526" /><testcase classname="integration_tests.test_raw_yaml" name="test_update_type[default]" time="4.328" /><testcase classname="integration_tests.test_region_tiles" name="test_landcover_summary_product[default]" time="8.715" /><testcase classname="integration_tests.test_page_loads" name="test_show_summary_cli_missing_product[default]" time="7.754" /><testcase classname="integration_tests.test_page_loads" name="test_all_give_404s[default]" time="8.749" /><testcase classname="integration_tests.test_page_loads" name="test_show_summary_cli_unsummarised_product[default]" time="0.545" /><testcase classname="integration_tests.test_page_loads" name="test_no_data_pages[default]" time="9.046" /><testcase classname="integration_tests.test_region_tiles" name="test_wo_region_dataset_count[default]" time="5.415" /><testcase classname="integration_tests.test_resolved_uri" name="test_as_external_url" time="0.001" /><testcase classname="integration_tests.test_resolved_uri" name="test_resolved_remote_url_s3_region_unset" time="0.001" /><testcase classname="integration_tests.test_resolved_uri" name="test_resolved_remote_url_none_s3_region" time="0.001" /><testcase classname="integration_tests.test_region_tiles" name="test_wo_summary_product[postgis]" time="8.668" /><testcase classname="integration_tests.test_page_loads" name="test_search_page[default]" time="8.032" /><testcase classname="integration_tests.test_page_loads" name="test_product_audit_redirects[default]" time="7.632" /><testcase classname="integration_tests.test_page_loads" name="test_api_returns_high_tide_comp_regions[default]" time="7.783" /><testcase classname="integration_tests.test_page_loads" name="test_empty_product_page[default]" time="7.563" /><testcase classname="integration_tests.test_region_tiles" name="test_landcover_region_dataset_count[default]" time="5.124" /><testcase classname="integration_tests.test_page_loads" name="test_get_day_overviews[default]" time="8.209" /><testcase classname="integration_tests.test_resolved_uri" name="test_resolved_remote_url_string_none_s3_region" time="0.001" /><testcase classname="integration_tests.test_resolved_uri" name="test_resolved_remote_url_empty_string_s3_region" time="0.001" /><testcase classname="integration_tests.test_resolved_uri" name="test_resolved_remote_url_data_browser" time="0.001" /><testcase classname="integration_tests.test_page_loads" name="test_uninitialised_search_page[default]" time="0.967" /><testcase classname="integration_tests.test_s2_l2a_footprint" name="test_summary_product[postgis]" time="3.454" /><testcase classname="integration_tests.test_region_tiles" name="test_tmad_dataset_regions[default]" time="8.282" /><testcase classname="integration_tests.test_s2_l2a_footprint" name="test_product_dataset[postgis]" time="1.331" /><testcase classname="integration_tests.test_s2_l2a_footprint" name="test_summary_product[default]" time="2.954" /><testcase classname="integration_tests.test_page_loads" name="test_extent_debugging_method[default]" time="7.908" /><testcase classname="integration_tests.test_region_tiles" name="test_wo_region_dataset_count[postgis]" time="5.242" /><testcase classname="integration_tests.test_s2_l2a_footprint" name="test_get_overview_date_selector[postgis]" time="3.411" /><testcase classname="integration_tests.test_page_loads" name="test_invalid_query_gives_400[default]" time="8.281" /><testcase classname="integration_tests.test_s2_l2a_footprint" name="test_refresh_product[postgis]" time="1.350" /><testcase classname="integration_tests.test_page_loads" name="test_general_dataset_redirect[default]" time="7.661" /><testcase classname="integration_tests.test_s2_l2a_footprint" name="test_product_dataset[default]" time="1.584" /><testcase classname="integration_tests.test_region_tiles" name="test_tmad_summary_product[default]" time="5.622" /><testcase classname="integration_tests.test_s2_l2a_footprint" name="test_s2_l2a_summary[default]" time="3.163" /><testcase classname="integration_tests.test_page_loads" name="test_search_time_completion[default]" time="7.773" /><testcase classname="integration_tests.test_region_tiles" name="test_archived_dataset_is_excluded[default]" time="5.735" /><testcase classname="integration_tests.test_s2_l2a_footprint" name="test_get_overview_date_selector[default]" time="2.907" /><testcase classname="integration_tests.test_s2_l2a_footprint" name="test_product_audit[default]" time="1.967" /><testcase classname="integration_tests.test_s2_l2a_footprint" name="test_s2_l2a_summary[postgis]" time="3.347" /><testcase classname="integration_tests.test_s2_l2a_footprint" name="test_refresh_product[default]" time="1.360" /><testcase classname="integration_tests.test_region_tiles" name="test_landcover_region_dataset_count[postgis]" time="9.083" /><testcase classname="integration_tests.test_region_tiles" name="test_landcover_summary_product[postgis]" time="4.953" /><testcase classname="integration_tests.test_s2_l2a_footprint" name="test_product_audit[postgis]" time="2.299" /><testcase classname="integration_tests.test_page_loads" name="test_missing_dataset[default]" time="7.841" /><testcase classname="integration_tests.test_region_tiles" name="test_region_switchable_product[default]" time="6.021" /><testcase classname="integration_tests.test_region_tiles" name="test_archived_dataset_is_excluded[postgis]" time="6.318" /><testcase classname="integration_tests.test_page_loads" name="test_api_returns_tiles_regions[default]" time="8.122" /><testcase classname="integration_tests.test_stac" name="test_stac_loading_all_pages[default]" time="58.495" /><testcase classname="integration_tests.test_region_tiles" name="test_region_switchable_product[postgis]" time="7.000" /><testcase classname="integration_tests.test_stac" name="test_returns_404s[default]" time="22.991" /><testcase classname="integration_tests.test_stac" name="test_legacy_redirects[/collections/ls7_nbar_scene/items-/stac/collections/ls7_nbar_scene/items-default]" time="21.043" /><testcase classname="integration_tests.test_stac" name="test_arrivals_page_validation[default]" time="21.606" /><testcase classname="integration_tests.test_stac" name="test_stac_search_limits[default]" time="22.578" /><testcase classname="integration_tests.test_stac" name="test_stac_includes_total[default]" time="23.122" /><testcase classname="integration_tests.test_stac" name="test_legacy_redirects[/collections/ls7_nbar_scene/items/0c5b625e-5432-4911-9f7d-f6b894e27f3c-/stac/collections/ls7_nbar_scene/items/0c5b625e-5432-4911-9f7d-f6b894e27f3c-default]" time="23.229" /><testcase classname="integration_tests.test_stac" name="test_legacy_redirects[/collections/ls7_nbar_scene-/stac/collections/ls7_nbar_scene-default]" time="9.251" /><testcase classname="integration_tests.test_stac" name="test_legacy_redirects[/collections/ls7_nbar_scene/items?datetime=2000-01-01/2000-01-01&amp;bbox=-48.206,-14.195,-45.067,-12.272-/stac/collections/ls7_nbar_scene/items?datetime=2000-01-01/2000-01-01&amp;bbox=-48.206,-14.195,-45.067,-12.272-default]" time="9.316" /><testcase classname="integration_tests.test_stac" name="test_stac_collection[default]" time="29.796" /><testcase classname="integration_tests.test_stac" name="test_stac_collection_query[default]" time="24.063" /><testcase classname="integration_tests.test_stac" name="test_stac_search_by_intersects[default]" time="26.297" /><testcase classname="integration_tests.test_stac" name="test_next_link[default]" time="26.080" /><testcase classname="integration_tests.test_stac" name="test_stac_search_by_ids[default]" time="8.656" /><testcase classname="integration_tests.test_stac" name="test_stac_links[default]" time="10.184" /><testcase classname="integration_tests.test_stac" name="test_stac_search_zero[default]" time="25.846" /><testcase classname="integration_tests.test_stac" name="test_stac_search_by_intersects_paging[default]" time="9.291" /><testcase classname="integration_tests.test_stores" name="test_srid_calcs[default]" time="2.541" /><testcase classname="integration_tests.test_stac" name="test_stac_filter_extension[default]" time="8.727" /><testcase classname="integration_tests.test_stores" name="test_month_iteration[default]" time="2.213" /><testcase classname="integration_tests.test_stac" name="test_stac_query_extension_errors[default]" time="8.621" /><testcase classname="integration_tests.test_stores" name="test_srid_calcs[postgis]" time="2.275" /><testcase classname="integration_tests.test_stores" name="test_add_no_periods[default]" time="2.905" /><testcase classname="integration_tests.test_stac" name="test_stac_item[default]" time="9.089" /><testcase classname="integration_tests.test_stores" name="test_put_get_summaries[postgis]" time="1.973" /><testcase classname="integration_tests.test_stores" name="test_get_null[default]" time="2.608" /><testcase classname="integration_tests.test_stores" name="test_month_iteration[postgis]" time="2.340" /><testcase classname="integration_tests.test_stac" name="test_stac_search_collections[default]" time="10.318" /><testcase classname="integration_tests.test_stores" name="test_put_get_summaries[default]" time="3.644" /><testcase classname="integration_tests.test_stores" name="test_generate_raises_error[postgis]" time="0.771" /><testcase classname="integration_tests.test_stores" name="test_get_null[postgis]" time="2.453" /><testcase classname="integration_tests.test_stores" name="test_generate_empty[default]" time="3.299"><failure message="AssertionError: Error for ('-tz', 'Australia/Darwin', '-j', '1', '--all', '--env', 'default'). Out:&#10;      No cubedash schema exists. Please rerun with --init to create one&#10;  &#10;assert 0 == -1&#10; +  where -1 = &lt;Result SystemExit(-1)&gt;.exit_code">odc_test_db = Datacube&lt;index=Index&lt;db=PostgresDb&lt;engine=Engine(postgresql://explorer_test_user:***@127.0.0.1:58824/test_stores_default)&gt;&gt;&gt;, run_generate = &lt;function run_generate.&lt;locals&gt;.do at 0x1695dade0&gt;

    def test_generate_empty(odc_test_db, run_generate) -&gt; None:
        """
        Run cubedash.generate on a cube with no datasets.
    
        Proper tests of 'generate' are in test_summarise_data.py, but take much longer to run.
        This catches many simple DB, product and config setup issues quickly.
        """
&gt;       run_generate()

integration_tests/test_stores.py:255: 
_ _ _ _ _ _ _ _ _ _ _ _ _ _ _ _ _ _ _ _ _ _ _ _ _ _ _ _ _ _ _ _ _ _ _ _ _ _ _ _ _ _ _ _ _ _ _ _ _ _ _ _ _ _ _ _ _ _ _ _ _ _ _ _ _ _ _ _ _ _ _ _ _ _ _ _ _ _ _ _ _ _ _ _ _ _ _ _ _ _ _ _ _ _ _ _ _ _ _ _ _ _ _ _ _ _ _ _ _ _ _ _ _ _ _ _ _ _ _ _ _ _ _ _ _ _ _ _ _ _ _ _ _ _ _ _ _ _ _ _ _ _ _ _ _ _ _ _ _ 
integration_tests/conftest.py:88: in do
    res = clirunner(generate.cli, args, expect_success=expect_success)
          ^^^^^^^^^^^^^^^^^^^^^^^^^^^^^^^^^^^^^^^^^^^^^^^^^^^^^^^^^^^^
_ _ _ _ _ _ _ _ _ _ _ _ _ _ _ _ _ _ _ _ _ _ _ _ _ _ _ _ _ _ _ _ _ _ _ _ _ _ _ _ _ _ _ _ _ _ _ _ _ _ _ _ _ _ _ _ _ _ _ _ _ _ _ _ _ _ _ _ _ _ _ _ _ _ _ _ _ _ _ _ _ _ _ _ _ _ _ _ _ _ _ _ _ _ _ _ _ _ _ _ _ _ _ _ _ _ _ _ _ _ _ _ _ _ _ _ _ _ _ _ _ _ _ _ _ _ _ _ _ _ _ _ _ _ _ _ _ _ _ _ _ _ _ _ _ _ _ _ _ 

cli_method = &lt;Command cli&gt;, opts = ('-tz', 'Australia/Darwin', '-j', '1', '--all', '--env', ...), catch_exceptions = False, expect_success = True

    def _run_cli(cli_method, opts, catch_exceptions: bool =False, expect_success: bool =True) -&gt; click.testing.Result:
        runner = click.testing.CliRunner()
        opts += ("--env", env_name)
        result = runner.invoke(cli_method,
                               opts,
                               catch_exceptions=catch_exceptions,
                               env={'TZ': 'UTC'}
                           )
        if expect_success:
&gt;           assert 0 == result.exit_code, (
                f"Error for {opts}. Out:\n{indent(result.output, ' ' * 4)}"
            )
E           AssertionError: Error for ('-tz', 'Australia/Darwin', '-j', '1', '--all', '--env', 'default'). Out:
E                 No cubedash schema exists. Please rerun with --init to create one
E             
E           assert 0 == -1
E            +  where -1 = &lt;Result SystemExit(-1)&gt;.exit_code

integration_tests/conftest.py:68: AssertionError</failure></testcase><testcase classname="integration_tests.test_stac" name="test_stac_search_by_post[default]" time="26.039" /><testcase classname="integration_tests.test_stac" name="test_stac_search_bounds[default]" time="8.101" /><testcase classname="integration_tests.test_stores" name="test_generate_empty[postgis]" time="3.749"><failure message="AssertionError: Error for ('-tz', 'Australia/Darwin', '-j', '1', '--all', '--env', 'postgis'). Out:&#10;      No cubedash schema exists. Please rerun with --init to create one&#10;  &#10;assert 0 == -1&#10; +  where -1 = &lt;Result SystemExit(-1)&gt;.exit_code">odc_test_db = Datacube&lt;index=Index&lt;db=PostgisDb&lt;engine=Engine(postgresql://explorer_test_user:***@127.0.0.1:58829/test_stores_postgis)&gt;&gt;&gt;, run_generate = &lt;function run_generate.&lt;locals&gt;.do at 0x16e6fae80&gt;

    def test_generate_empty(odc_test_db, run_generate) -&gt; None:
        """
        Run cubedash.generate on a cube with no datasets.
    
        Proper tests of 'generate' are in test_summarise_data.py, but take much longer to run.
        This catches many simple DB, product and config setup issues quickly.
        """
&gt;       run_generate()

integration_tests/test_stores.py:255: 
_ _ _ _ _ _ _ _ _ _ _ _ _ _ _ _ _ _ _ _ _ _ _ _ _ _ _ _ _ _ _ _ _ _ _ _ _ _ _ _ _ _ _ _ _ _ _ _ _ _ _ _ _ _ _ _ _ _ _ _ _ _ _ _ _ _ _ _ _ _ _ _ _ _ _ _ _ _ _ _ _ _ _ _ _ _ _ _ _ _ _ _ _ _ _ _ _ _ _ _ _ _ _ _ _ _ _ _ _ _ _ _ _ _ _ _ _ _ _ _ _ _ _ _ _ _ _ _ _ _ _ _ _ _ _ _ _ _ _ _ _ _ _ _ _ _ _ _ _ 
integration_tests/conftest.py:88: in do
    res = clirunner(generate.cli, args, expect_success=expect_success)
          ^^^^^^^^^^^^^^^^^^^^^^^^^^^^^^^^^^^^^^^^^^^^^^^^^^^^^^^^^^^^
_ _ _ _ _ _ _ _ _ _ _ _ _ _ _ _ _ _ _ _ _ _ _ _ _ _ _ _ _ _ _ _ _ _ _ _ _ _ _ _ _ _ _ _ _ _ _ _ _ _ _ _ _ _ _ _ _ _ _ _ _ _ _ _ _ _ _ _ _ _ _ _ _ _ _ _ _ _ _ _ _ _ _ _ _ _ _ _ _ _ _ _ _ _ _ _ _ _ _ _ _ _ _ _ _ _ _ _ _ _ _ _ _ _ _ _ _ _ _ _ _ _ _ _ _ _ _ _ _ _ _ _ _ _ _ _ _ _ _ _ _ _ _ _ _ _ _ _ _ 

cli_method = &lt;Command cli&gt;, opts = ('-tz', 'Australia/Darwin', '-j', '1', '--all', '--env', ...), catch_exceptions = False, expect_success = True

    def _run_cli(cli_method, opts, catch_exceptions: bool =False, expect_success: bool =True) -&gt; click.testing.Result:
        runner = click.testing.CliRunner()
        opts += ("--env", env_name)
        result = runner.invoke(cli_method,
                               opts,
                               catch_exceptions=catch_exceptions,
                               env={'TZ': 'UTC'}
                           )
        if expect_success:
&gt;           assert 0 == result.exit_code, (
                f"Error for {opts}. Out:\n{indent(result.output, ' ' * 4)}"
            )
E           AssertionError: Error for ('-tz', 'Australia/Darwin', '-j', '1', '--all', '--env', 'postgis'). Out:
E                 No cubedash schema exists. Please rerun with --init to create one
E             
E           assert 0 == -1
E            +  where -1 = &lt;Result SystemExit(-1)&gt;.exit_code

integration_tests/conftest.py:68: AssertionError</failure></testcase><testcase classname="integration_tests.test_stac" name="test_stac_fields_extension[default]" time="7.975" /><testcase classname="integration_tests.test_stores" name="test_add_period_list[postgis]" time="3.521" /><testcase classname="integration_tests.test_stores" name="test_generate_raises_error[default]" time="3.722" /><testcase classname="integration_tests.test_stores" name="test_add_no_periods[postgis]" time="3.667" /><testcase classname="integration_tests.test_stac" name="test_stac_sortby_extension[default]" time="7.039" /><testcase classname="integration_tests.test_stores" name="test_add_period_list[default]" time="1.688" /><testcase classname="integration_tests.test_stac" name="test_huge_page_request[default]" time="4.960" /><testcase classname="integration_tests.test_summarise_data" name="test_location_sampling[default]" time="56.400" /><testcase classname="integration_tests.test_summarise_data" name="test_generate_scene_all_time[default]" time="57.659" /><testcase classname="integration_tests.test_summarise_data" name="test_has_source_derived_product_links[default]" time="9.827" /><testcase classname="integration_tests.test_summarise_data" name="test_generate_scene_year[default]" time="65.555" /><testcase classname="integration_tests.test_summarise_data" name="test_generate_month[default]" time="58.123" /><testcase classname="integration_tests.test_summarise_data" name="test_calc_empty[default]" time="57.170" /><testcase classname="integration_tests.test_summarise_data" name="test_sampled_product_fixed_fields[default]" time="0.972" /><testcase classname="integration_tests.test_summarise_data" name="test_generate_empty_time[default]" time="1.721" /><testcase classname="integration_tests.test_summarise_data" name="test_generate_telemetry[default]" time="55.700" /><testcase classname="integration_tests.test_summarise_data" name="test_product_fixed_fields[default]" time="11.150" /></testsuite></testsuites>